<?xml version="1.0" encoding="UTF-8"?>
<!-- Generated by org.testng.reporters.JUnitReportReporter -->
<testsuite hostname="PREM-OPTIMUS" failures="0" tests="1" name="pack.NewTest" time="0.030" errors="0" timestamp="16 Jul 2023 14:56:46 GMT" skipped="0">
  <testcase classname="pack.NewTest" name="f" time="0.030"/>
</testsuite> <!-- pack.NewTest -->
