<?xml version="1.0" encoding="UTF-8"?>
<!-- Generated by org.testng.reporters.JUnitReportReporter -->
<testsuite hostname="PREM-OPTIMUS" failures="0" tests="4" name="pack.TestDependency" time="0.020" errors="0" timestamp="17 Jul 2023 07:05:17 GMT" skipped="2">
  <testcase classname="pack.TestDependency" name="orange" time="0.013"/>
  <testcase classname="pack.TestDependency" name="white" time="0.004"/>
  <testcase classname="pack.TestDependency" name="blue" time="0.003">
    <skipped/>
  </testcase> <!-- blue -->
  <testcase classname="pack.TestDependency" name="green" time="0.000">
    <skipped/>
  </testcase> <!-- green -->
</testsuite> <!-- pack.TestDependency -->
