<?xml version="1.0" encoding="UTF-8"?>
<!-- Generated by org.testng.reporters.JUnitReportReporter -->
<testsuite hostname="PREM-OPTIMUS" failures="0" tests="1" name="pageobjectmodel.POM_001" time="11.847" errors="0" timestamp="21 Jul 2023 06:39:24 GMT" skipped="0">
  <testcase classname="pageobjectmodel.POM_001" name="f" time="11.847"/>
</testsuite> <!-- pageobjectmodel.POM_001 -->
