<?xml version="1.0" encoding="UTF-8"?>
<!-- Generated by org.testng.reporters.JUnitReportReporter -->
<testsuite hostname="PREM-OPTIMUS" failures="0" tests="1" name="packB.TestB1" time="4.018" errors="0" timestamp="17 Jul 2023 04:06:50 GMT" skipped="0">
  <testcase classname="packB.TestB1" name="f" time="4.018"/>
</testsuite> <!-- packB.TestB1 -->
