<?xml version="1.0" encoding="UTF-8"?>
<!-- Generated by org.testng.reporters.JUnitReportReporter -->
<testsuite hostname="PREM-OPTIMUS" failures="0" tests="6" name="actions.MouseOperations" time="9.801" errors="0" timestamp="25 Jul 2023 03:09:06 GMT" skipped="5">
  <testcase classname="actions.MouseOperations" name="autosuggestion" time="9.801"/>
  <testcase classname="actions.MouseOperations" name="browserSlider">
    <skipped/>
  </testcase> <!-- browserSlider -->
  <testcase classname="actions.MouseOperations" name="dragDrop">
    <skipped/>
  </testcase> <!-- dragDrop -->
  <testcase classname="actions.MouseOperations" name="rightclick">
    <skipped/>
  </testcase> <!-- rightclick -->
  <testcase classname="actions.MouseOperations" name="Slider">
    <skipped/>
  </testcase> <!-- Slider -->
  <testcase classname="actions.MouseOperations" name="moveToElement">
    <skipped/>
  </testcase> <!-- moveToElement -->
</testsuite> <!-- actions.MouseOperations -->
