<?xml version="1.0" encoding="UTF-8"?>
<!-- Generated by org.testng.reporters.JUnitReportReporter -->
<testsuite hostname="PREM-OPTIMUS" failures="0" tests="1" name="packB.TestB" time="4.009" errors="0" timestamp="17 Jul 2023 04:06:50 GMT" skipped="0">
  <testcase classname="packB.TestB" name="f" time="4.009"/>
</testsuite> <!-- packB.TestB -->
