<?xml version="1.0" encoding="UTF-8"?>
<!-- Generated by org.testng.reporters.JUnitReportReporter -->
<testsuite hostname="PREM-OPTIMUS" failures="0" tests="3" name="suiteParallel.NewTest" time="0.012" errors="0" timestamp="17 Jul 2023 04:29:35 GMT" skipped="0">
  <testcase classname="suiteParallel.NewTest" name="test1" time="0.010"/>
  <testcase classname="suiteParallel.NewTest" name="test2" time="0.001"/>
  <testcase classname="suiteParallel.NewTest" name="test3" time="0.001"/>
</testsuite> <!-- suiteParallel.NewTest -->
