<?xml version="1.0" encoding="UTF-8"?>
<!-- Generated by org.testng.reporters.JUnitReportReporter -->
<testsuite hostname="PREM-OPTIMUS" failures="0" tests="1" name="packA.TestA1" time="4.010" errors="0" timestamp="17 Jul 2023 06:10:53 GMT" skipped="0">
  <testcase classname="packA.TestA1" name="f" time="4.010"/>
</testsuite> <!-- packA.TestA1 -->
