<?xml version="1.0" encoding="UTF-8"?>
<!-- Generated by org.testng.reporters.JUnitReportReporter -->
<testsuite hostname="PREM-OPTIMUS" failures="0" tests="3" name="pack.NewTest1" time="0.021" errors="0" timestamp="16 Jul 2023 15:18:50 GMT" skipped="0">
  <testcase classname="pack.NewTest1" name="f11" time="0.003"/>
  <testcase classname="pack.NewTest1" name="f1" time="0.013"/>
  <testcase classname="pack.NewTest1" name="f" time="0.005"/>
</testsuite> <!-- pack.NewTest1 -->
